{ ReactifyError: /Users/jhepworth/Documents/Pluralsight/reactflux/psadmin/src/components/authors/manageAuthorPage.js: Parse Error: Line 10: Unexpected token , while parsing file: /Users/jhepworth/Documents/Pluralsight/reactflux/psadmin/src/components/authors/manageAuthorPage.js
    at throwError (/Users/jhepworth/Documents/Pluralsight/reactflux/psadmin/node_modules/jstransform/node_modules/esprima-fb/esprima.js:2808:21)
    at throwUnexpected (/Users/jhepworth/Documents/Pluralsight/reactflux/psadmin/node_modules/jstransform/node_modules/esprima-fb/esprima.js:2870:9)
    at parseObjectType (/Users/jhepworth/Documents/Pluralsight/reactflux/psadmin/node_modules/jstransform/node_modules/esprima-fb/esprima.js:4448:17)
    at parsePrimaryType (/Users/jhepworth/Documents/Pluralsight/reactflux/psadmin/node_modules/jstransform/node_modules/esprima-fb/esprima.js:4578:44)
    at parsePostfixType (/Users/jhepworth/Documents/Pluralsight/reactflux/psadmin/node_modules/jstransform/node_modules/esprima-fb/esprima.js:4664:42)
    at parsePrefixType (/Users/jhepworth/Documents/Pluralsight/reactflux/psadmin/node_modules/jstransform/node_modules/esprima-fb/esprima.js:4681:16)
    at parseIntersectionType (/Users/jhepworth/Documents/Pluralsight/reactflux/psadmin/node_modules/jstransform/node_modules/esprima-fb/esprima.js:4687:16)
    at parseUnionType (/Users/jhepworth/Documents/Pluralsight/reactflux/psadmin/node_modules/jstransform/node_modules/esprima-fb/esprima.js:4703:16)
    at parseType (/Users/jhepworth/Documents/Pluralsight/reactflux/psadmin/node_modules/jstransform/node_modules/esprima-fb/esprima.js:4720:16)
    at parseTypeAnnotation (/Users/jhepworth/Documents/Pluralsight/reactflux/psadmin/node_modules/jstransform/node_modules/esprima-fb/esprima.js:4730:16)
  index: 242,
  lineNumber: 10,
  column: 21,
  description: 'Unexpected token ,',
  name: 'ReactifyError',
  fileName: '/Users/jhepworth/Documents/Pluralsight/reactflux/psadmin/src/components/authors/manageAuthorPage.js',
  filename: '/Users/jhepworth/Documents/Pluralsight/reactflux/psadmin/src/components/authors/manageAuthorPage.js',
  stream: 
   Labeled {
     _readableState: 
      ReadableState {
        objectMode: true,
        highWaterMark: 16,
        buffer: BufferList { length: 0 },
        length: 0,
        pipes: [Object],
        pipesCount: 1,
        flowing: true,
        ended: false,
        endEmitted: false,
        reading: true,
        sync: false,
        needReadable: true,
        emittedReadable: false,
        readableListening: false,
        resumeScheduled: false,
        destroyed: false,
        defaultEncoding: 'utf8',
        awaitDrain: 0,
        readingMore: false,
        decoder: null,
        encoding: null },
     readable: true,
     domain: null,
     _events: 
      { end: [Array],
        error: [Function],
        data: [Function: ondata],
        _mutate: [Object] },
     _eventsCount: 4,
     _maxListeners: undefined,
     _writableState: 
      WritableState {
        objectMode: true,
        highWaterMark: 16,
        finalCalled: false,
        needDrain: false,
        ending: true,
        ended: true,
        finished: true,
        destroyed: false,
        decodeStrings: true,
        defaultEncoding: 'utf8',
        length: 0,
        writing: false,
        corked: 0,
        sync: false,
        bufferProcessing: false,
        onwrite: [Function],
        writecb: null,
        writelen: 0,
        bufferedRequest: null,
        lastBufferedRequest: null,
        pendingcb: 0,
        prefinished: true,
        errorEmitted: false,
        bufferedRequestCount: 0,
        corkedRequestsFree: [Object] },
     writable: false,
     allowHalfOpen: true,
     _options: { objectMode: true },
     _wrapOptions: { objectMode: true },
     _streams: [ [Object] ],
     length: 1,
     label: 'deps' } }
{ ReactifyError: /Users/jhepworth/Documents/Pluralsight/reactflux/psadmin/src/components/authors/manageAuthorPage.js: Parse Error: Line 10: Unexpected token , while parsing file: /Users/jhepworth/Documents/Pluralsight/reactflux/psadmin/src/components/authors/manageAuthorPage.js
    at throwError (/Users/jhepworth/Documents/Pluralsight/reactflux/psadmin/node_modules/jstransform/node_modules/esprima-fb/esprima.js:2808:21)
    at throwUnexpected (/Users/jhepworth/Documents/Pluralsight/reactflux/psadmin/node_modules/jstransform/node_modules/esprima-fb/esprima.js:2870:9)
    at parseObjectType (/Users/jhepworth/Documents/Pluralsight/reactflux/psadmin/node_modules/jstransform/node_modules/esprima-fb/esprima.js:4448:17)
    at parsePrimaryType (/Users/jhepworth/Documents/Pluralsight/reactflux/psadmin/node_modules/jstransform/node_modules/esprima-fb/esprima.js:4578:44)
    at parsePostfixType (/Users/jhepworth/Documents/Pluralsight/reactflux/psadmin/node_modules/jstransform/node_modules/esprima-fb/esprima.js:4664:42)
    at parsePrefixType (/Users/jhepworth/Documents/Pluralsight/reactflux/psadmin/node_modules/jstransform/node_modules/esprima-fb/esprima.js:4681:16)
    at parseIntersectionType (/Users/jhepworth/Documents/Pluralsight/reactflux/psadmin/node_modules/jstransform/node_modules/esprima-fb/esprima.js:4687:16)
    at parseUnionType (/Users/jhepworth/Documents/Pluralsight/reactflux/psadmin/node_modules/jstransform/node_modules/esprima-fb/esprima.js:4703:16)
    at parseType (/Users/jhepworth/Documents/Pluralsight/reactflux/psadmin/node_modules/jstransform/node_modules/esprima-fb/esprima.js:4720:16)
    at parseTypeAnnotation (/Users/jhepworth/Documents/Pluralsight/reactflux/psadmin/node_modules/jstransform/node_modules/esprima-fb/esprima.js:4730:16)
  index: 242,
  lineNumber: 10,
  column: 21,
  description: 'Unexpected token ,',
  name: 'ReactifyError',
  fileName: '/Users/jhepworth/Documents/Pluralsight/reactflux/psadmin/src/components/authors/manageAuthorPage.js',
  filename: '/Users/jhepworth/Documents/Pluralsight/reactflux/psadmin/src/components/authors/manageAuthorPage.js',
  stream: 
   Labeled {
     _readableState: 
      ReadableState {
        objectMode: true,
        highWaterMark: 16,
        buffer: BufferList { length: 0 },
        length: 0,
        pipes: [Object],
        pipesCount: 1,
        flowing: true,
        ended: false,
        endEmitted: false,
        reading: true,
        sync: false,
        needReadable: true,
        emittedReadable: false,
        readableListening: false,
        resumeScheduled: false,
        destroyed: false,
        defaultEncoding: 'utf8',
        awaitDrain: 0,
        readingMore: false,
        decoder: null,
        encoding: null },
     readable: true,
     domain: null,
     _events: 
      { end: [Array],
        error: [Function],
        data: [Function: ondata],
        _mutate: [Object] },
     _eventsCount: 4,
     _maxListeners: undefined,
     _writableState: 
      WritableState {
        objectMode: true,
        highWaterMark: 16,
        finalCalled: false,
        needDrain: false,
        ending: true,
        ended: true,
        finished: true,
        destroyed: false,
        decodeStrings: true,
        defaultEncoding: 'utf8',
        length: 0,
        writing: false,
        corked: 0,
        sync: false,
        bufferProcessing: false,
        onwrite: [Function],
        writecb: null,
        writelen: 0,
        bufferedRequest: null,
        lastBufferedRequest: null,
        pendingcb: 0,
        prefinished: true,
        errorEmitted: false,
        bufferedRequestCount: 0,
        corkedRequestsFree: [Object] },
     writable: false,
     allowHalfOpen: true,
     _options: { objectMode: true },
     _wrapOptions: { objectMode: true },
     _streams: [ [Object] ],
     length: 1,
     label: 'deps' } }
{ ReactifyError: /Users/jhepworth/Documents/Pluralsight/reactflux/psadmin/src/components/authors/manageAuthorPage.js: Parse Error: Line 10: Unexpected token , while parsing file: /Users/jhepworth/Documents/Pluralsight/reactflux/psadmin/src/components/authors/manageAuthorPage.js
    at throwError (/Users/jhepworth/Documents/Pluralsight/reactflux/psadmin/node_modules/jstransform/node_modules/esprima-fb/esprima.js:2808:21)
    at throwUnexpected (/Users/jhepworth/Documents/Pluralsight/reactflux/psadmin/node_modules/jstransform/node_modules/esprima-fb/esprima.js:2870:9)
    at parseObjectType (/Users/jhepworth/Documents/Pluralsight/reactflux/psadmin/node_modules/jstransform/node_modules/esprima-fb/esprima.js:4448:17)
    at parsePrimaryType (/Users/jhepworth/Documents/Pluralsight/reactflux/psadmin/node_modules/jstransform/node_modules/esprima-fb/esprima.js:4578:44)
    at parsePostfixType (/Users/jhepworth/Documents/Pluralsight/reactflux/psadmin/node_modules/jstransform/node_modules/esprima-fb/esprima.js:4664:42)
    at parsePrefixType (/Users/jhepworth/Documents/Pluralsight/reactflux/psadmin/node_modules/jstransform/node_modules/esprima-fb/esprima.js:4681:16)
    at parseIntersectionType (/Users/jhepworth/Documents/Pluralsight/reactflux/psadmin/node_modules/jstransform/node_modules/esprima-fb/esprima.js:4687:16)
    at parseUnionType (/Users/jhepworth/Documents/Pluralsight/reactflux/psadmin/node_modules/jstransform/node_modules/esprima-fb/esprima.js:4703:16)
    at parseType (/Users/jhepworth/Documents/Pluralsight/reactflux/psadmin/node_modules/jstransform/node_modules/esprima-fb/esprima.js:4720:16)
    at parseTypeAnnotation (/Users/jhepworth/Documents/Pluralsight/reactflux/psadmin/node_modules/jstransform/node_modules/esprima-fb/esprima.js:4730:16)
  index: 242,
  lineNumber: 10,
  column: 21,
  description: 'Unexpected token ,',
  name: 'ReactifyError',
  fileName: '/Users/jhepworth/Documents/Pluralsight/reactflux/psadmin/src/components/authors/manageAuthorPage.js',
  filename: '/Users/jhepworth/Documents/Pluralsight/reactflux/psadmin/src/components/authors/manageAuthorPage.js',
  stream: 
   Labeled {
     _readableState: 
      ReadableState {
        objectMode: true,
        highWaterMark: 16,
        buffer: BufferList { length: 0 },
        length: 0,
        pipes: [Object],
        pipesCount: 1,
        flowing: true,
        ended: false,
        endEmitted: false,
        reading: true,
        sync: false,
        needReadable: true,
        emittedReadable: false,
        readableListening: false,
        resumeScheduled: false,
        destroyed: false,
        defaultEncoding: 'utf8',
        awaitDrain: 0,
        readingMore: false,
        decoder: null,
        encoding: null },
     readable: true,
     domain: null,
     _events: 
      { end: [Array],
        error: [Function],
        data: [Function: ondata],
        _mutate: [Object] },
     _eventsCount: 4,
     _maxListeners: undefined,
     _writableState: 
      WritableState {
        objectMode: true,
        highWaterMark: 16,
        finalCalled: false,
        needDrain: false,
        ending: true,
        ended: true,
        finished: true,
        destroyed: false,
        decodeStrings: true,
        defaultEncoding: 'utf8',
        length: 0,
        writing: false,
        corked: 0,
        sync: false,
        bufferProcessing: false,
        onwrite: [Function],
        writecb: null,
        writelen: 0,
        bufferedRequest: null,
        lastBufferedRequest: null,
        pendingcb: 0,
        prefinished: true,
        errorEmitted: false,
        bufferedRequestCount: 0,
        corkedRequestsFree: [Object] },
     writable: false,
     allowHalfOpen: true,
     _options: { objectMode: true },
     _wrapOptions: { objectMode: true },
     _streams: [ [Object] ],
     length: 1,
     label: 'deps' } }
{ ReactifyError: /Users/jhepworth/Documents/Pluralsight/reactflux/psadmin/src/components/authors/manageAuthorPage.js: Parse Error: Line 10: Unexpected token , while parsing file: /Users/jhepworth/Documents/Pluralsight/reactflux/psadmin/src/components/authors/manageAuthorPage.js
    at throwError (/Users/jhepworth/Documents/Pluralsight/reactflux/psadmin/node_modules/jstransform/node_modules/esprima-fb/esprima.js:2808:21)
    at throwUnexpected (/Users/jhepworth/Documents/Pluralsight/reactflux/psadmin/node_modules/jstransform/node_modules/esprima-fb/esprima.js:2870:9)
    at parseObjectType (/Users/jhepworth/Documents/Pluralsight/reactflux/psadmin/node_modules/jstransform/node_modules/esprima-fb/esprima.js:4448:17)
    at parsePrimaryType (/Users/jhepworth/Documents/Pluralsight/reactflux/psadmin/node_modules/jstransform/node_modules/esprima-fb/esprima.js:4578:44)
    at parsePostfixType (/Users/jhepworth/Documents/Pluralsight/reactflux/psadmin/node_modules/jstransform/node_modules/esprima-fb/esprima.js:4664:42)
    at parsePrefixType (/Users/jhepworth/Documents/Pluralsight/reactflux/psadmin/node_modules/jstransform/node_modules/esprima-fb/esprima.js:4681:16)
    at parseIntersectionType (/Users/jhepworth/Documents/Pluralsight/reactflux/psadmin/node_modules/jstransform/node_modules/esprima-fb/esprima.js:4687:16)
    at parseUnionType (/Users/jhepworth/Documents/Pluralsight/reactflux/psadmin/node_modules/jstransform/node_modules/esprima-fb/esprima.js:4703:16)
    at parseType (/Users/jhepworth/Documents/Pluralsight/reactflux/psadmin/node_modules/jstransform/node_modules/esprima-fb/esprima.js:4720:16)
    at parseTypeAnnotation (/Users/jhepworth/Documents/Pluralsight/reactflux/psadmin/node_modules/jstransform/node_modules/esprima-fb/esprima.js:4730:16)
  index: 242,
  lineNumber: 10,
  column: 21,
  description: 'Unexpected token ,',
  name: 'ReactifyError',
  fileName: '/Users/jhepworth/Documents/Pluralsight/reactflux/psadmin/src/components/authors/manageAuthorPage.js',
  filename: '/Users/jhepworth/Documents/Pluralsight/reactflux/psadmin/src/components/authors/manageAuthorPage.js',
  stream: 
   Labeled {
     _readableState: 
      ReadableState {
        objectMode: true,
        highWaterMark: 16,
        buffer: BufferList { length: 0 },
        length: 0,
        pipes: [Object],
        pipesCount: 1,
        flowing: true,
        ended: false,
        endEmitted: false,
        reading: true,
        sync: false,
        needReadable: true,
        emittedReadable: false,
        readableListening: false,
        resumeScheduled: false,
        destroyed: false,
        defaultEncoding: 'utf8',
        awaitDrain: 0,
        readingMore: false,
        decoder: null,
        encoding: null },
     readable: true,
     domain: null,
     _events: 
      { end: [Array],
        error: [Function],
        data: [Function: ondata],
        _mutate: [Object] },
     _eventsCount: 4,
     _maxListeners: undefined,
     _writableState: 
      WritableState {
        objectMode: true,
        highWaterMark: 16,
        finalCalled: false,
        needDrain: false,
        ending: true,
        ended: true,
        finished: true,
        destroyed: false,
        decodeStrings: true,
        defaultEncoding: 'utf8',
        length: 0,
        writing: false,
        corked: 0,
        sync: false,
        bufferProcessing: false,
        onwrite: [Function],
        writecb: null,
        writelen: 0,
        bufferedRequest: null,
        lastBufferedRequest: null,
        pendingcb: 0,
        prefinished: true,
        errorEmitted: false,
        bufferedRequestCount: 0,
        corkedRequestsFree: [Object] },
     writable: false,
     allowHalfOpen: true,
     _options: { objectMode: true },
     _wrapOptions: { objectMode: true },
     _streams: [ [Object] ],
     length: 1,
     label: 'deps' } }
